{
  "stats": {
    "suites": 1,
    "tests": 1,
    "passes": 1,
    "pending": 1,
    "failures": -1,
    "start": "2025-12-20T15:52:14.085Z",
    "end": "2025-12-20T15:52:15.599Z",
    "duration": 1514,
    "testsRegistered": 2,
    "passPercent": 100,
    "pendingPercent": 50,
    "other": 1,
    "hasOther": true,
    "skipped": 0,
    "hasSkipped": false
  },
  "results": [
    {
      "uuid": "ebb75ce0-5d11-4809-b91e-d3a1082bc5a8",
      "title": "",
      "fullFile": "cypress\\e2e\\addsingleitemtocart.spec.js",
      "file": "cypress\\e2e\\addsingleitemtocart.spec.js",
      "beforeHooks": [],
      "afterHooks": [],
      "tests": [],
      "suites": [
        {
          "uuid": "85018118-719e-4e0c-bbb6-a7229b6cf037",
          "title": "",
          "fullFile": "",
          "file": "",
          "beforeHooks": [],
          "afterHooks": [],
          "tests": [
            {
              "title": "Add Single Product to Cart",
              "fullTitle": " Add Single Product to Cart",
              "timedOut": null,
              "duration": 0,
              "state": "pending",
              "speed": null,
              "pass": false,
              "fail": false,
              "pending": true,
              "context": null,
              "code": "//Add Sauce Labs Backpack to Cart\ncy.get('[data-test=add-to-cart-sauce-labs-backpack]').click();\n//check that shopping cart badge shows 1 item:\ncy.get('[data-test=shopping-cart-badge]').should('contain', '1');\n//Open cart and verify the item available or not:\ncy.get('.shopping_cart_link').click();\ncy.get('[data-test=inventory-item-name]').should('contain', 'Sauce Labs Backpack');\n//or cy.contains('.inventory_item_name', 'Sauce Labs Backpack').should('be.visible')",
              "err": {},
              "uuid": "0c55783f-a853-4aac-9bd8-5aa8f687df49",
              "parentUUID": "85018118-719e-4e0c-bbb6-a7229b6cf037",
              "isHook": false,
              "skipped": false
            },
            {
              "title": "Add Multiple Product to Cart",
              "fullTitle": " Add Multiple Product to Cart",
              "timedOut": null,
              "duration": 1482,
              "state": "passed",
              "speed": "fast",
              "pass": true,
              "fail": false,
              "pending": false,
              "context": null,
              "code": "//Add Sauce Labs Backpack,sauce-labs-bike-light,sauce-labs-fleece-jacket to Cart\ncy.get('[data-test=add-to-cart-sauce-labs-backpack]').click();\ncy.get('[data-test=add-to-cart-sauce-labs-bike-light]').click();\ncy.get('[data-test=add-to-cart-sauce-labs-fleece-jacket]').click();\n//check that shopping cart badge shows 1 item:\ncy.get('[data-test=shopping-cart-badge]').should('contain', '3');\n//Open cart and verify the item available or not:\ncy.get('.shopping_cart_link').click();\ncy.get('[data-test=inventory-item-name]').should('contain', 'Sauce Labs Backpack');\n//or cy.contains('.inventory_item_name', 'Sauce Labs Backpack').should('be.visible')\ncy.get('[data-test=inventory-item-name]').should('contain', 'Sauce Labs Bike Light');\ncy.get('[data-test=inventory-item-name]').should('contain', 'Sauce Labs Fleece Jacket');",
              "err": {},
              "uuid": "5d93acd9-5c57-4700-b44c-16cf97bd582b",
              "parentUUID": "85018118-719e-4e0c-bbb6-a7229b6cf037",
              "isHook": false,
              "skipped": false
            }
          ],
          "suites": [],
          "passes": [
            "5d93acd9-5c57-4700-b44c-16cf97bd582b"
          ],
          "failures": [],
          "pending": [
            "0c55783f-a853-4aac-9bd8-5aa8f687df49"
          ],
          "skipped": [],
          "duration": 1482,
          "root": false,
          "rootEmpty": false,
          "_timeout": 2000
        }
      ],
      "passes": [],
      "failures": [],
      "pending": [],
      "skipped": [],
      "duration": 0,
      "root": true,
      "rootEmpty": true,
      "_timeout": 2000
    }
  ],
  "meta": {
    "mocha": {
      "version": "7.2.0"
    },
    "mochawesome": {
      "options": {
        "quiet": false,
        "reportFilename": "mochawesome",
        "saveHtml": false,
        "saveJson": true,
        "consoleReporter": "spec",
        "useInlineDiffs": false,
        "code": true
      },
      "version": "7.1.4"
    },
    "marge": {
      "options": {
        "reportDir": "cypress/reports",
        "overwrite": false,
        "html": false,
        "json": true
      },
      "version": "6.3.2"
    }
  }
}