{
  "stats": {
    "suites": 1,
    "tests": 1,
    "passes": 0,
    "pending": 1,
    "failures": 0,
    "start": "2025-12-20T15:52:28.335Z",
    "end": "2025-12-20T15:52:28.556Z",
    "duration": 221,
    "testsRegistered": 1,
    "passPercent": null,
    "pendingPercent": 100,
    "other": 0,
    "hasOther": false,
    "skipped": 0,
    "hasSkipped": false
  },
  "results": [
    {
      "uuid": "15ce6700-d963-4ce2-96eb-d39b158c65ea",
      "title": "",
      "fullFile": "cypress\\e2e\\apiuiintegration.spec.js",
      "file": "cypress\\e2e\\apiuiintegration.spec.js",
      "beforeHooks": [],
      "afterHooks": [],
      "tests": [],
      "suites": [
        {
          "uuid": "eff93170-e13b-4d90-9a47-40454de1ca87",
          "title": "API & UI Integration Test",
          "fullFile": "",
          "file": "",
          "beforeHooks": [],
          "afterHooks": [],
          "tests": [
            {
              "title": "should verify product name in SauceDemo UI",
              "fullTitle": "API & UI Integration Test should verify product name in SauceDemo UI",
              "timedOut": null,
              "duration": 0,
              "state": "pending",
              "speed": null,
              "pass": false,
              "fail": false,
              "pending": true,
              "context": null,
              "code": "// Visit SauceDemo and log in\ncy.visit('https://www.saucedemo.com/');\ncy.get('[data-test=\"username\"]').type('standard_user');\ncy.get('[data-test=\"password\"]').type('secret_sauce');\ncy.get('[data-test=\"login-button\"]').click();\n// 3️⃣ Step 3: Verify product names are visible\ncy.get('.inventory_item_name').should('be.visible');\n// 4️⃣ Step 4: Check if any product name includes part of the API product name\ncy.get('.inventory_item_name').then($els => {\n  const uiNames = [...$els].map(el => el.innerText.toLowerCase());\n  const apiNameLower = apiProductName.toLowerCase().split(' ')[0]; // use first word for loose match\n  const matchFound = uiNames.some(name => name.includes(apiNameLower));\n  cy.log(`Checking if API product \"${apiProductName}\" matches any UI name`);\n  expect(matchFound, `API product \"${apiProductName}\" should appear in UI`).to.be.true;\n});",
              "err": {},
              "uuid": "c0ca49c0-c211-4ed8-bee4-7da9d2ebdf2c",
              "parentUUID": "eff93170-e13b-4d90-9a47-40454de1ca87",
              "isHook": false,
              "skipped": false
            }
          ],
          "suites": [],
          "passes": [],
          "failures": [],
          "pending": [
            "c0ca49c0-c211-4ed8-bee4-7da9d2ebdf2c"
          ],
          "skipped": [],
          "duration": 0,
          "root": false,
          "rootEmpty": false,
          "_timeout": 2000
        }
      ],
      "passes": [],
      "failures": [],
      "pending": [],
      "skipped": [],
      "duration": 0,
      "root": true,
      "rootEmpty": true,
      "_timeout": 2000
    }
  ],
  "meta": {
    "mocha": {
      "version": "7.2.0"
    },
    "mochawesome": {
      "options": {
        "quiet": false,
        "reportFilename": "mochawesome",
        "saveHtml": false,
        "saveJson": true,
        "consoleReporter": "spec",
        "useInlineDiffs": false,
        "code": true
      },
      "version": "7.1.4"
    },
    "marge": {
      "options": {
        "reportDir": "cypress/reports",
        "overwrite": false,
        "html": false,
        "json": true
      },
      "version": "6.3.2"
    }
  }
}