{
  "stats": {
    "suites": 1,
    "tests": 1,
    "passes": 1,
    "pending": 0,
    "failures": 0,
    "start": "2025-12-20T15:48:35.095Z",
    "end": "2025-12-20T15:48:35.289Z",
    "duration": 194,
    "testsRegistered": 1,
    "passPercent": 100,
    "pendingPercent": 0,
    "other": 0,
    "hasOther": false,
    "skipped": 0,
    "hasSkipped": false
  },
  "results": [
    {
      "uuid": "8e2df8ad-4bf9-49cc-aa0c-eda96ea35744",
      "title": "",
      "fullFile": "cypress\\e2e\\apifixturesexamples.spec.js",
      "file": "cypress\\e2e\\apifixturesexamples.spec.js",
      "beforeHooks": [],
      "afterHooks": [],
      "tests": [],
      "suites": [
        {
          "uuid": "56655331-a727-4d29-b642-2ea6fbc3d637",
          "title": "API using Fixtures",
          "fullFile": "",
          "file": "",
          "beforeHooks": [],
          "afterHooks": [],
          "tests": [
            {
              "title": "POST using Fixture",
              "fullTitle": "API using Fixtures POST using Fixture",
              "timedOut": null,
              "duration": 162,
              "state": "passed",
              "speed": "fast",
              "pass": true,
              "fail": false,
              "pending": false,
              "context": null,
              "code": "cy.fixture('createpostpayload').then(payload => {\n  // cy.request('POST','https://jsonplaceholder.typicode.com/posts',payload)\n  cy.request('POST', `${Cypress.env('apiBaseUrl')}/posts`, payload).then(response => {\n    expect(response.status).to.eq(201);\n    expect(response.body.title).to.eq(payload.title);\n  });\n});",
              "err": {},
              "uuid": "340beb16-1ed8-4865-b3cd-bb8758dbc953",
              "parentUUID": "56655331-a727-4d29-b642-2ea6fbc3d637",
              "isHook": false,
              "skipped": false
            }
          ],
          "suites": [],
          "passes": [
            "340beb16-1ed8-4865-b3cd-bb8758dbc953"
          ],
          "failures": [],
          "pending": [],
          "skipped": [],
          "duration": 162,
          "root": false,
          "rootEmpty": false,
          "_timeout": 2000
        }
      ],
      "passes": [],
      "failures": [],
      "pending": [],
      "skipped": [],
      "duration": 0,
      "root": true,
      "rootEmpty": true,
      "_timeout": 2000
    }
  ],
  "meta": {
    "mocha": {
      "version": "7.2.0"
    },
    "mochawesome": {
      "options": {
        "quiet": false,
        "reportFilename": "mochawesome",
        "saveHtml": false,
        "saveJson": true,
        "consoleReporter": "spec",
        "useInlineDiffs": false,
        "code": true
      },
      "version": "7.1.4"
    },
    "marge": {
      "options": {
        "reportDir": "cypress/reports",
        "overwrite": false,
        "html": false,
        "json": true
      },
      "version": "6.3.2"
    }
  }
}