{
  "stats": {
    "suites": 1,
    "tests": 2,
    "passes": 2,
    "pending": 0,
    "failures": 0,
    "start": "2025-12-20T15:52:48.296Z",
    "end": "2025-12-20T15:52:48.717Z",
    "duration": 421,
    "testsRegistered": 2,
    "passPercent": 100,
    "pendingPercent": 0,
    "other": 0,
    "hasOther": false,
    "skipped": 0,
    "hasSkipped": false
  },
  "results": [
    {
      "uuid": "f38e1402-19de-4514-8421-d7c56ed423d1",
      "title": "",
      "fullFile": "cypress\\e2e\\simpleReportTest.spec.js",
      "file": "cypress\\e2e\\simpleReportTest.spec.js",
      "beforeHooks": [],
      "afterHooks": [],
      "tests": [],
      "suites": [
        {
          "uuid": "20a381df-700c-4777-9386-374dbb7da47c",
          "title": "Simple Cypress Report Test",
          "fullFile": "",
          "file": "",
          "beforeHooks": [],
          "afterHooks": [],
          "tests": [
            {
              "title": "UI-Login Page Load Test",
              "fullTitle": "Simple Cypress Report Test UI-Login Page Load Test",
              "timedOut": null,
              "duration": 331,
              "state": "passed",
              "speed": "fast",
              "pass": true,
              "fail": false,
              "pending": false,
              "context": null,
              "code": "cy.visit('/'); //It will take base url remaining\ncy.get('[data-test=\"login-button\"]').should('be.visible');",
              "err": {},
              "uuid": "96df275c-ef3e-451b-91a4-c603f2d3e5dd",
              "parentUUID": "20a381df-700c-4777-9386-374dbb7da47c",
              "isHook": false,
              "skipped": false
            },
            {
              "title": "API -Get Test",
              "fullTitle": "Simple Cypress Report Test API -Get Test",
              "timedOut": null,
              "duration": 46,
              "state": "passed",
              "speed": "fast",
              "pass": true,
              "fail": false,
              "pending": false,
              "context": null,
              "code": "cy.request(`${Cypress.env('apiBaseUrl')}/posts/1`).then(response => {\n  expect(response.status).to.eq(200);\n  expect(response.body).to.have.property('id', 1);\n});",
              "err": {},
              "uuid": "fcff7c9a-9eb0-45c7-9972-7ff2f57c2823",
              "parentUUID": "20a381df-700c-4777-9386-374dbb7da47c",
              "isHook": false,
              "skipped": false
            }
          ],
          "suites": [],
          "passes": [
            "96df275c-ef3e-451b-91a4-c603f2d3e5dd",
            "fcff7c9a-9eb0-45c7-9972-7ff2f57c2823"
          ],
          "failures": [],
          "pending": [],
          "skipped": [],
          "duration": 377,
          "root": false,
          "rootEmpty": false,
          "_timeout": 2000
        }
      ],
      "passes": [],
      "failures": [],
      "pending": [],
      "skipped": [],
      "duration": 0,
      "root": true,
      "rootEmpty": true,
      "_timeout": 2000
    }
  ],
  "meta": {
    "mocha": {
      "version": "7.2.0"
    },
    "mochawesome": {
      "options": {
        "quiet": false,
        "reportFilename": "mochawesome",
        "saveHtml": false,
        "saveJson": true,
        "consoleReporter": "spec",
        "useInlineDiffs": false,
        "code": true
      },
      "version": "7.1.4"
    },
    "marge": {
      "options": {
        "reportDir": "cypress/reports",
        "overwrite": false,
        "html": false,
        "json": true
      },
      "version": "6.3.2"
    }
  }
}