{
  "stats": {
    "suites": 1,
    "tests": 1,
    "passes": 1,
    "pending": 0,
    "failures": 0,
    "start": "2025-12-20T15:52:09.804Z",
    "end": "2025-12-20T15:52:12.361Z",
    "duration": 2557,
    "testsRegistered": 1,
    "passPercent": 100,
    "pendingPercent": 0,
    "other": 0,
    "hasOther": false,
    "skipped": 0,
    "hasSkipped": false
  },
  "results": [
    {
      "uuid": "2a5f951e-9e97-491a-922b-560d6748477d",
      "title": "",
      "fullFile": "cypress\\e2e\\addproductstocart.spec.js",
      "file": "cypress\\e2e\\addproductstocart.spec.js",
      "beforeHooks": [],
      "afterHooks": [],
      "tests": [],
      "suites": [
        {
          "uuid": "1ede77b0-5009-4624-9a62-9acc567695f7",
          "title": "Dynamically Add Products to Cart",
          "fullFile": "",
          "file": "",
          "beforeHooks": [],
          "afterHooks": [],
          "tests": [
            {
              "title": "Add multiple products to cart dynamically",
              "fullTitle": "Dynamically Add Products to Cart Add multiple products to cart dynamically",
              "timedOut": null,
              "duration": 2507,
              "state": "passed",
              "speed": "fast",
              "pass": true,
              "fail": false,
              "pending": false,
              "context": null,
              "code": "//load products from fixtures\ncy.fixture('products').then(data => {\n  const productsItem = data.items;\n  //add each product to cart\n  productsItem.forEach(product => {\n    cy.get(`[data-test=${product.id}]`).click();\n  });\n  // Verify cart badge shows correct number of items\n  cy.get('[data-test=shopping-cart-badge]').should('contain', productsItem.length);\n  // Open cart\n  cy.get('.shopping_cart_link').click();\n  // Verify each product is visible in the cart\n  productsItem.forEach(product => {\n    cy.contains('.inventory_item_name', product.name).should('be.visible');\n  });\n});",
              "err": {},
              "uuid": "69838513-4376-4ed4-a975-d22f56f2ac15",
              "parentUUID": "1ede77b0-5009-4624-9a62-9acc567695f7",
              "isHook": false,
              "skipped": false
            }
          ],
          "suites": [],
          "passes": [
            "69838513-4376-4ed4-a975-d22f56f2ac15"
          ],
          "failures": [],
          "pending": [],
          "skipped": [],
          "duration": 2507,
          "root": false,
          "rootEmpty": false,
          "_timeout": 2000
        }
      ],
      "passes": [],
      "failures": [],
      "pending": [],
      "skipped": [],
      "duration": 0,
      "root": true,
      "rootEmpty": true,
      "_timeout": 2000
    }
  ],
  "meta": {
    "mocha": {
      "version": "7.2.0"
    },
    "mochawesome": {
      "options": {
        "quiet": false,
        "reportFilename": "mochawesome",
        "saveHtml": false,
        "saveJson": true,
        "consoleReporter": "spec",
        "useInlineDiffs": false,
        "code": true
      },
      "version": "7.1.4"
    },
    "marge": {
      "options": {
        "reportDir": "cypress/reports",
        "overwrite": false,
        "html": false,
        "json": true
      },
      "version": "6.3.2"
    }
  }
}