{
  "stats": {
    "suites": 1,
    "tests": 4,
    "passes": 4,
    "pending": 0,
    "failures": 0,
    "start": "2025-12-20T15:48:32.407Z",
    "end": "2025-12-20T15:48:33.429Z",
    "duration": 1022,
    "testsRegistered": 4,
    "passPercent": 100,
    "pendingPercent": 0,
    "other": 0,
    "hasOther": false,
    "skipped": 0,
    "hasSkipped": false
  },
  "results": [
    {
      "uuid": "20b4981d-5c97-4ff6-b55f-47e68d722dca",
      "title": "",
      "fullFile": "cypress\\e2e\\apiexamples.spec.js",
      "file": "cypress\\e2e\\apiexamples.spec.js",
      "beforeHooks": [],
      "afterHooks": [],
      "tests": [],
      "suites": [
        {
          "uuid": "1764c0c5-808e-463e-9820-6e9d23318814",
          "title": "API Testing Examples",
          "fullFile": "",
          "file": "",
          "beforeHooks": [],
          "afterHooks": [],
          "tests": [
            {
              "title": "GET Products",
              "fullTitle": "API Testing Examples GET Products",
              "timedOut": null,
              "duration": 182,
              "state": "passed",
              "speed": "fast",
              "pass": true,
              "fail": false,
              "pending": false,
              "context": null,
              "code": "cy.request('GET', 'https://fakestoreapi.com/products/1').then(response => {\n  expect(response.status).eq(200);\n  cy.log(JSON.stringify(response.body));\n  expect(response.body).to.have.property('id', 1);\n  expect(response.body).to.have.property('title');\n  expect(response.body).to.be.an('object');\n  //expect(response.body).to.have.length.greaterThan(0);\n});",
              "err": {},
              "uuid": "fc39db30-643f-438e-8ce4-a9af26713d03",
              "parentUUID": "1764c0c5-808e-463e-9820-6e9d23318814",
              "isHook": false,
              "skipped": false
            },
            {
              "title": "POST Create new user",
              "fullTitle": "API Testing Examples POST Create new user",
              "timedOut": null,
              "duration": 338,
              "state": "passed",
              "speed": "fast",
              "pass": true,
              "fail": false,
              "pending": false,
              "context": null,
              "code": "cy.request('POST', 'https://fakestoreapi.com/users', {\n  email: 'john@example.com',\n  username: 'john123',\n  password: 'secret123',\n  name: {\n    firstname: 'John',\n    lastname: 'Doe'\n  }\n}).then(response => {\n  // Some responses return 200, others 201\n  expect([200, 201]).to.include(response.status);\n  expect(response.body).to.have.property('id');\n  userId = response.body.id;\n  cy.log(`User created ID:${userId}`);\n});",
              "err": {},
              "uuid": "b03478c4-9e86-4ed2-b209-8e1d6b935cfa",
              "parentUUID": "1764c0c5-808e-463e-9820-6e9d23318814",
              "isHook": false,
              "skipped": false
            },
            {
              "title": "PUT Update user",
              "fullTitle": "API Testing Examples PUT Update user",
              "timedOut": null,
              "duration": 169,
              "state": "passed",
              "speed": "fast",
              "pass": true,
              "fail": false,
              "pending": false,
              "context": null,
              "code": "cy.request('PUT', `https://fakestoreapi.com/users/${userId}`, {\n  email: 'john_updated@example.com',\n  username: 'john_updated',\n  password: 'newpass123'\n}).then(response => {\n  expect(response.status).to.eq(200);\n  expect(response.body).to.have.property('email', 'john_updated@example.com');\n  cy.log(`User updated with ID: ${userId}`);\n});",
              "err": {},
              "uuid": "a89b91ed-b3a3-4aea-8ea3-fed4962c78bd",
              "parentUUID": "1764c0c5-808e-463e-9820-6e9d23318814",
              "isHook": false,
              "skipped": false
            },
            {
              "title": "DELETE - Delete the created user",
              "fullTitle": "API Testing Examples DELETE - Delete the created user",
              "timedOut": null,
              "duration": 264,
              "state": "passed",
              "speed": "fast",
              "pass": true,
              "fail": false,
              "pending": false,
              "context": null,
              "code": "cy.request('DELETE', `https://fakestoreapi.com/users/${userId}`).then(response => {\n  expect(response.status).to.eq(200);\n  cy.log(`User deleted with ID: ${userId}`);\n});",
              "err": {},
              "uuid": "fed12159-7316-4577-8caa-ad1d54e9cc6d",
              "parentUUID": "1764c0c5-808e-463e-9820-6e9d23318814",
              "isHook": false,
              "skipped": false
            }
          ],
          "suites": [],
          "passes": [
            "fc39db30-643f-438e-8ce4-a9af26713d03",
            "b03478c4-9e86-4ed2-b209-8e1d6b935cfa",
            "a89b91ed-b3a3-4aea-8ea3-fed4962c78bd",
            "fed12159-7316-4577-8caa-ad1d54e9cc6d"
          ],
          "failures": [],
          "pending": [],
          "skipped": [],
          "duration": 953,
          "root": false,
          "rootEmpty": false,
          "_timeout": 2000
        }
      ],
      "passes": [],
      "failures": [],
      "pending": [],
      "skipped": [],
      "duration": 0,
      "root": true,
      "rootEmpty": true,
      "_timeout": 2000
    }
  ],
  "meta": {
    "mocha": {
      "version": "7.2.0"
    },
    "mochawesome": {
      "options": {
        "quiet": false,
        "reportFilename": "mochawesome",
        "saveHtml": false,
        "saveJson": true,
        "consoleReporter": "spec",
        "useInlineDiffs": false,
        "code": true
      },
      "version": "7.1.4"
    },
    "marge": {
      "options": {
        "reportDir": "cypress/reports",
        "overwrite": false,
        "html": false,
        "json": true
      },
      "version": "6.3.2"
    }
  }
}