{
  "stats": {
    "suites": 1,
    "tests": 1,
    "passes": 1,
    "pending": 0,
    "failures": 0,
    "start": "2025-12-20T15:48:43.411Z",
    "end": "2025-12-20T15:48:45.920Z",
    "duration": 2509,
    "testsRegistered": 1,
    "passPercent": 100,
    "pendingPercent": 0,
    "other": 0,
    "hasOther": false,
    "skipped": 0,
    "hasSkipped": false
  },
  "results": [
    {
      "uuid": "ba6341fe-2a71-4d50-a7c5-7ae45a186d3d",
      "title": "",
      "fullFile": "cypress\\e2e\\checkout.spec.js",
      "file": "cypress\\e2e\\checkout.spec.js",
      "beforeHooks": [],
      "afterHooks": [],
      "tests": [],
      "suites": [
        {
          "uuid": "d09e328d-2343-4144-a84c-7fa5d289303e",
          "title": "Checkout Flow Test",
          "fullFile": "",
          "file": "",
          "beforeHooks": [],
          "afterHooks": [],
          "tests": [
            {
              "title": "Add multiple products to cart dynamically and checkout",
              "fullTitle": "Checkout Flow Test Add multiple products to cart dynamically and checkout",
              "timedOut": null,
              "duration": 2455,
              "state": "passed",
              "speed": "fast",
              "pass": true,
              "fail": false,
              "pending": false,
              "context": null,
              "code": "//load products from fixtures\ncy.fixture('products').then(data => {\n  const productsItem = data.items;\n  //add each product to cart\n  productsItem.forEach(product => {\n    cy.get(`[data-test=${product.id}]`).click();\n  });\n  // Verify cart badge shows correct number of items\n  cy.get('[data-test=shopping-cart-badge]').should('contain', productsItem.length);\n  // Open cart\n  cy.get('.shopping_cart_link').click();\n  // Verify each product is visible in the cart\n  productsItem.forEach(product => {\n    cy.contains('.inventory_item_name', product.name).should('be.visible');\n  });\n  // Checkout\n  cy.get('[data-test=checkout]').click();\n  cy.get('[data-test=firstName]').type('John');\n  cy.get('[data-test=lastName]').type('Doe');\n  cy.get('[data-test=postalCode]').type('12345');\n  cy.get('[data-test=continue]').click();\n  // Verify items in overview\n  cy.get('.cart_item').should('have.length', productsItem.length);\n  // Finish checkout\n  cy.get('[data-test=finish]').click();\n  // Verify success message\n  cy.contains('Thank you for your order!').should('be.visible');\n});",
              "err": {},
              "uuid": "21913889-cda1-4bc4-8b99-2d4fabe7e59c",
              "parentUUID": "d09e328d-2343-4144-a84c-7fa5d289303e",
              "isHook": false,
              "skipped": false
            }
          ],
          "suites": [],
          "passes": [
            "21913889-cda1-4bc4-8b99-2d4fabe7e59c"
          ],
          "failures": [],
          "pending": [],
          "skipped": [],
          "duration": 2455,
          "root": false,
          "rootEmpty": false,
          "_timeout": 2000
        }
      ],
      "passes": [],
      "failures": [],
      "pending": [],
      "skipped": [],
      "duration": 0,
      "root": true,
      "rootEmpty": true,
      "_timeout": 2000
    }
  ],
  "meta": {
    "mocha": {
      "version": "7.2.0"
    },
    "mochawesome": {
      "options": {
        "quiet": false,
        "reportFilename": "mochawesome",
        "saveHtml": false,
        "saveJson": true,
        "consoleReporter": "spec",
        "useInlineDiffs": false,
        "code": true
      },
      "version": "7.1.4"
    },
    "marge": {
      "options": {
        "reportDir": "cypress/reports",
        "overwrite": false,
        "html": false,
        "json": true
      },
      "version": "6.3.2"
    }
  }
}