{
  "stats": {
    "suites": 1,
    "tests": 1,
    "passes": 1,
    "pending": 0,
    "failures": 0,
    "start": "2025-12-20T15:52:35.068Z",
    "end": "2025-12-20T15:52:36.273Z",
    "duration": 1205,
    "testsRegistered": 1,
    "passPercent": 100,
    "pendingPercent": 0,
    "other": 0,
    "hasOther": false,
    "skipped": 0,
    "hasSkipped": false
  },
  "results": [
    {
      "uuid": "82c41063-fd26-4c2c-b14b-474d86a661f9",
      "title": "",
      "fullFile": "cypress\\e2e\\getlistofelements.spec.js",
      "file": "cypress\\e2e\\getlistofelements.spec.js",
      "beforeHooks": [],
      "afterHooks": [],
      "tests": [],
      "suites": [
        {
          "uuid": "ad013133-a128-4efd-b1be-65eae75e07c9",
          "title": "Multiple Elements",
          "fullFile": "",
          "file": "",
          "beforeHooks": [],
          "afterHooks": [],
          "tests": [
            {
              "title": "Get the List and Multiple elements Test",
              "fullTitle": "Multiple Elements Get the List and Multiple elements Test",
              "timedOut": null,
              "duration": 1145,
              "state": "passed",
              "speed": "fast",
              "pass": true,
              "fail": false,
              "pending": false,
              "context": null,
              "code": "//1.Login \ncy.visit('https://www.saucedemo.com/');\ncy.get('[data-test=username]').type('standard_user');\ncy.get('[data-test=password]').type('secret_sauce');\ncy.get('[data-test=login-button]').click();\n//2.Get List of Product names\ncy.get('.inventory_item_name').each(($ele, index) => {\n  const productName = $ele.text();\n  cy.log(`Product ${index + 1}: ${productName}`);\n});\ncy.get('.inventory_item_name').should('contain.text', 'Sauce Labs Backpack');",
              "err": {},
              "uuid": "df587140-da4b-47cd-a999-56a48b60f869",
              "parentUUID": "ad013133-a128-4efd-b1be-65eae75e07c9",
              "isHook": false,
              "skipped": false
            }
          ],
          "suites": [],
          "passes": [
            "df587140-da4b-47cd-a999-56a48b60f869"
          ],
          "failures": [],
          "pending": [],
          "skipped": [],
          "duration": 1145,
          "root": false,
          "rootEmpty": false,
          "_timeout": 2000
        }
      ],
      "passes": [],
      "failures": [],
      "pending": [],
      "skipped": [],
      "duration": 0,
      "root": true,
      "rootEmpty": true,
      "_timeout": 2000
    }
  ],
  "meta": {
    "mocha": {
      "version": "7.2.0"
    },
    "mochawesome": {
      "options": {
        "quiet": false,
        "reportFilename": "mochawesome",
        "saveHtml": false,
        "saveJson": true,
        "consoleReporter": "spec",
        "useInlineDiffs": false,
        "code": true
      },
      "version": "7.1.4"
    },
    "marge": {
      "options": {
        "reportDir": "cypress/reports",
        "overwrite": false,
        "html": false,
        "json": true
      },
      "version": "6.3.2"
    }
  }
}