{
  "stats": {
    "suites": 1,
    "tests": 2,
    "passes": 1,
    "pending": 1,
    "failures": 0,
    "start": "2025-12-20T15:48:53.077Z",
    "end": "2025-12-20T15:48:54.184Z",
    "duration": 1107,
    "testsRegistered": 2,
    "passPercent": 100,
    "pendingPercent": 50,
    "other": 0,
    "hasOther": false,
    "skipped": 0,
    "hasSkipped": false
  },
  "results": [
    {
      "uuid": "a6c0a447-5f13-4ebb-a13b-c29466c5d950",
      "title": "",
      "fullFile": "cypress\\e2e\\login.spec.js",
      "file": "cypress\\e2e\\login.spec.js",
      "beforeHooks": [],
      "afterHooks": [],
      "tests": [],
      "suites": [
        {
          "uuid": "13321ab7-c3a5-48a9-b54e-b6c6cd7f7a05",
          "title": "Login Test",
          "fullFile": "",
          "file": "",
          "beforeHooks": [],
          "afterHooks": [],
          "tests": [
            {
              "title": "should login successfully using fixture data",
              "fullTitle": "Login Test should login successfully using fixture data",
              "timedOut": null,
              "duration": 1065,
              "state": "passed",
              "speed": "fast",
              "pass": true,
              "fail": false,
              "pending": false,
              "context": null,
              "code": "cy.fixture('loginData').then(data => {\n  cy.get('[data-test=username]').type(data.username);\n  cy.get('[data-test=password]').type(data.password);\n  cy.get('[data-test=login-button]').click();\n  // verification: check if login was successful\n  cy.url().should('include', 'inventory.html');\n  cy.contains('Products').should('be.visible');\n});",
              "err": {},
              "uuid": "de751607-40d1-43dc-bf78-99f99bc8f8a7",
              "parentUUID": "13321ab7-c3a5-48a9-b54e-b6c6cd7f7a05",
              "isHook": false,
              "skipped": false
            },
            {
              "title": "Invalid Login Data",
              "fullTitle": "Login Test Invalid Login Data",
              "timedOut": null,
              "duration": 0,
              "state": "pending",
              "speed": null,
              "pass": false,
              "fail": false,
              "pending": true,
              "context": null,
              "code": "cy.get('[data-test=username]').type('admin');\ncy.get('[data-test=password]').type('admin');\ncy.get('[data-test=login-button]').click();\n// verification: user should remain on login page\ncy.url().should('include', 'saucedemo.com');\n// verification: error message is displayed\ncy.get('[data-test=error]').should('be.visible').and('contain.text', 'Username and password do not match any user in this service');\ncy.reload(); // it will clear the wrong data and reload the page",
              "err": {},
              "uuid": "49afd05d-bf1f-499b-91fb-2e2d8eb21f0c",
              "parentUUID": "13321ab7-c3a5-48a9-b54e-b6c6cd7f7a05",
              "isHook": false,
              "skipped": false
            }
          ],
          "suites": [],
          "passes": [
            "de751607-40d1-43dc-bf78-99f99bc8f8a7"
          ],
          "failures": [],
          "pending": [
            "49afd05d-bf1f-499b-91fb-2e2d8eb21f0c"
          ],
          "skipped": [],
          "duration": 1065,
          "root": false,
          "rootEmpty": false,
          "_timeout": 2000
        }
      ],
      "passes": [],
      "failures": [],
      "pending": [],
      "skipped": [],
      "duration": 0,
      "root": true,
      "rootEmpty": true,
      "_timeout": 2000
    }
  ],
  "meta": {
    "mocha": {
      "version": "7.2.0"
    },
    "mochawesome": {
      "options": {
        "quiet": false,
        "reportFilename": "mochawesome",
        "saveHtml": false,
        "saveJson": true,
        "consoleReporter": "spec",
        "useInlineDiffs": false,
        "code": true
      },
      "version": "7.1.4"
    },
    "marge": {
      "options": {
        "reportDir": "cypress/reports",
        "overwrite": false,
        "html": false,
        "json": true
      },
      "version": "6.3.2"
    }
  }
}