{
  "stats": {
    "suites": 1,
    "tests": 5,
    "passes": 5,
    "pending": 0,
    "failures": 0,
    "start": "2025-12-20T15:52:25.753Z",
    "end": "2025-12-20T15:52:26.324Z",
    "duration": 571,
    "testsRegistered": 5,
    "passPercent": 100,
    "pendingPercent": 0,
    "other": 0,
    "hasOther": false,
    "skipped": 0,
    "hasSkipped": false
  },
  "results": [
    {
      "uuid": "eba9ac6e-a17e-49dc-814c-b4c0c39162f0",
      "title": "",
      "fullFile": "cypress\\e2e\\apipractice.spec.js",
      "file": "cypress\\e2e\\apipractice.spec.js",
      "beforeHooks": [],
      "afterHooks": [],
      "tests": [],
      "suites": [
        {
          "uuid": "2a9f5292-c94f-450b-996d-425b921d05fb",
          "title": "Test API Practice",
          "fullFile": "",
          "file": "",
          "beforeHooks": [],
          "afterHooks": [],
          "tests": [
            {
              "title": "GET API Test",
              "fullTitle": "Test API Practice GET API Test",
              "timedOut": null,
              "duration": 55,
              "state": "passed",
              "speed": "fast",
              "pass": true,
              "fail": false,
              "pending": false,
              "context": null,
              "code": "cy.request('GET', \"https://jsonplaceholder.typicode.com/posts/1\").then(response => {\n  expect(response.status).to.eq(200);\n  expect(response.body).to.have.property('id', 1);\n  expect(response.body).to.have.property('title');\n  //expect(response.body).to.be.an('object');\n  cy.log(`Response body title : ${response.body.title}`);\n});",
              "err": {},
              "uuid": "c21ce7bf-80e9-4abc-ae75-0ce63ac71e82",
              "parentUUID": "2a9f5292-c94f-450b-996d-425b921d05fb",
              "isHook": false,
              "skipped": false
            },
            {
              "title": "POST API Test",
              "fullTitle": "Test API Practice POST API Test",
              "timedOut": null,
              "duration": 149,
              "state": "passed",
              "speed": "fast",
              "pass": true,
              "fail": false,
              "pending": false,
              "context": null,
              "code": "cy.request('POST', 'https://jsonplaceholder.typicode.com/posts', {\n  title: 'Cypress API Testing',\n  body: 'Learning POST API using Cypress',\n  userId: 1\n}).then(response => {\n  expect(response.status).to.eq(201);\n  expect(response.body).to.have.property('userId', 1);\n  expect(response.body).to.have.property('title');\n  expect(response.body.title).to.eq('Cypress API Testing');\n  expect(response.body.body).to.eq('Learning POST API using Cypress');\n  responseID = response.body.id;\n  cy.log(`Response Title and ID: ${response.body.title},${responseID}`);\n});",
              "err": {},
              "uuid": "d4f3143e-cd19-4585-bf66-bc24a5731d32",
              "parentUUID": "2a9f5292-c94f-450b-996d-425b921d05fb",
              "isHook": false,
              "skipped": false
            },
            {
              "title": "PUT API Test",
              "fullTitle": "Test API Practice PUT API Test",
              "timedOut": null,
              "duration": 119,
              "state": "passed",
              "speed": "fast",
              "pass": true,
              "fail": false,
              "pending": false,
              "context": null,
              "code": "cy.log(`ID in PUT method:: ${responseID}`);\ncy.request('PUT', 'https://jsonplaceholder.typicode.com/posts/1', {\n  title: 'Updated Title',\n  body: 'Updated body using Cypress PUT',\n  userId: 1\n}).then(response => {\n  expect(response.status).to.eq(200);\n  cy.log(`Updated title in PUT method:: ${response.body.title}`);\n});",
              "err": {},
              "uuid": "67ad6cc8-8301-4751-bd00-ddcf581a08ac",
              "parentUUID": "2a9f5292-c94f-450b-996d-425b921d05fb",
              "isHook": false,
              "skipped": false
            },
            {
              "title": "PUT Negative Test",
              "fullTitle": "Test API Practice PUT Negative Test",
              "timedOut": null,
              "duration": 125,
              "state": "passed",
              "speed": "fast",
              "pass": true,
              "fail": false,
              "pending": false,
              "context": null,
              "code": "cy.request({\n  method: 'PUT',\n  url: `https://jsonplaceholder.typicode.com/posts/${responseID}`,\n  failOnStatusCode: false,\n  body: {\n    title: 'Updated Title',\n    body: 'Updated Body',\n    userId: 1\n  }\n}).then(response => {\n  expect(response.status).to.eq(500);\n});",
              "err": {},
              "uuid": "055e5326-9018-46fb-b12f-3ccc85cf267e",
              "parentUUID": "2a9f5292-c94f-450b-996d-425b921d05fb",
              "isHook": false,
              "skipped": false
            },
            {
              "title": "GET Invalid API Test",
              "fullTitle": "Test API Practice GET Invalid API Test",
              "timedOut": null,
              "duration": 36,
              "state": "passed",
              "speed": "fast",
              "pass": true,
              "fail": false,
              "pending": false,
              "context": null,
              "code": "cy.request({\n  method: 'GET',\n  url: 'https://jsonplaceholder.typicode.com/pos/1',\n  failOnStatusCode: false\n}).then(response => {\n  expect(response.status).to.be.oneOf([400, 401, 403, 404, 500]);\n});",
              "err": {},
              "uuid": "bef8f7a3-d2fa-457d-9847-0d02012a20bc",
              "parentUUID": "2a9f5292-c94f-450b-996d-425b921d05fb",
              "isHook": false,
              "skipped": false
            }
          ],
          "suites": [],
          "passes": [
            "c21ce7bf-80e9-4abc-ae75-0ce63ac71e82",
            "d4f3143e-cd19-4585-bf66-bc24a5731d32",
            "67ad6cc8-8301-4751-bd00-ddcf581a08ac",
            "055e5326-9018-46fb-b12f-3ccc85cf267e",
            "bef8f7a3-d2fa-457d-9847-0d02012a20bc"
          ],
          "failures": [],
          "pending": [],
          "skipped": [],
          "duration": 484,
          "root": false,
          "rootEmpty": false,
          "_timeout": 2000
        }
      ],
      "passes": [],
      "failures": [],
      "pending": [],
      "skipped": [],
      "duration": 0,
      "root": true,
      "rootEmpty": true,
      "_timeout": 2000
    }
  ],
  "meta": {
    "mocha": {
      "version": "7.2.0"
    },
    "mochawesome": {
      "options": {
        "quiet": false,
        "reportFilename": "mochawesome",
        "saveHtml": false,
        "saveJson": true,
        "consoleReporter": "spec",
        "useInlineDiffs": false,
        "code": true
      },
      "version": "7.1.4"
    },
    "marge": {
      "options": {
        "reportDir": "cypress/reports",
        "overwrite": false,
        "html": false,
        "json": true
      },
      "version": "6.3.2"
    }
  }
}