{
  "stats": {
    "suites": 1,
    "tests": 2,
    "passes": 2,
    "pending": 0,
    "failures": 0,
    "start": "2025-12-20T16:42:46.971Z",
    "end": "2025-12-20T16:42:48.499Z",
    "duration": 1528,
    "testsRegistered": 2,
    "passPercent": 100,
    "pendingPercent": 0,
    "other": 0,
    "hasOther": false,
    "skipped": 0,
    "hasSkipped": false
  },
  "results": [
    {
      "uuid": "97751a41-c95d-4ec6-acf5-776c35ccff90",
      "title": "",
      "fullFile": "cypress\\e2e\\simpleReportTest.spec.js",
      "file": "cypress\\e2e\\simpleReportTest.spec.js",
      "beforeHooks": [],
      "afterHooks": [],
      "tests": [],
      "suites": [
        {
          "uuid": "595f32c7-b4b9-4c51-ab8f-11b5b51b3a87",
          "title": "Simple Cypress Report Test",
          "fullFile": "",
          "file": "",
          "beforeHooks": [],
          "afterHooks": [],
          "tests": [
            {
              "title": "UI-Login Page Load Test",
              "fullTitle": "Simple Cypress Report Test UI-Login Page Load Test",
              "timedOut": null,
              "duration": 1326,
              "state": "passed",
              "speed": "fast",
              "pass": true,
              "fail": false,
              "pending": false,
              "context": null,
              "code": "cy.visit('/'); //It will take base url remaining\ncy.get('[data-test=\"login-button\"]').should('be.visible');",
              "err": {},
              "uuid": "7c9f8dab-114a-47d6-9a02-7c4a9cbc5db3",
              "parentUUID": "595f32c7-b4b9-4c51-ab8f-11b5b51b3a87",
              "isHook": false,
              "skipped": false
            },
            {
              "title": "API -Get Test",
              "fullTitle": "Simple Cypress Report Test API -Get Test",
              "timedOut": null,
              "duration": 126,
              "state": "passed",
              "speed": "fast",
              "pass": true,
              "fail": false,
              "pending": false,
              "context": null,
              "code": "cy.request(`${Cypress.env('apiBaseUrl')}/posts/1`).then(response => {\n  expect(response.status).to.eq(200);\n  expect(response.body).to.have.property('id', 1);\n});",
              "err": {},
              "uuid": "c3888997-e2cc-49e1-8ac9-0876047feb93",
              "parentUUID": "595f32c7-b4b9-4c51-ab8f-11b5b51b3a87",
              "isHook": false,
              "skipped": false
            }
          ],
          "suites": [],
          "passes": [
            "7c9f8dab-114a-47d6-9a02-7c4a9cbc5db3",
            "c3888997-e2cc-49e1-8ac9-0876047feb93"
          ],
          "failures": [],
          "pending": [],
          "skipped": [],
          "duration": 1452,
          "root": false,
          "rootEmpty": false,
          "_timeout": 2000
        }
      ],
      "passes": [],
      "failures": [],
      "pending": [],
      "skipped": [],
      "duration": 0,
      "root": true,
      "rootEmpty": true,
      "_timeout": 2000
    }
  ],
  "meta": {
    "mocha": {
      "version": "7.2.0"
    },
    "mochawesome": {
      "options": {
        "quiet": false,
        "reportFilename": "report",
        "saveHtml": false,
        "saveJson": true,
        "consoleReporter": "spec",
        "useInlineDiffs": false,
        "code": true
      },
      "version": "7.1.4"
    },
    "marge": {
      "options": {
        "reportDir": "cypress/reports",
        "overwrite": false,
        "html": false,
        "json": true,
        "reportFilename": "report"
      },
      "version": "6.3.2"
    }
  }
}